<?xml version="1.0" encoding="UTF-8"?>
<!-- Generated by org.testng.reporters.JUnitReportReporter -->
<testsuite hostname="LAPTOP-7LRJV28E" failures="0" tests="16" name="testLoginPage" time="0.035" errors="1" timestamp="2024-12-04T19:00:57 IST" skipped="15">
  <testcase classname="testLoginPage" name="ClearText" time="0.035">
    <error message="no such window: target window already closed
from unknown error: web view not found
  (Session info: chrome=131.0.6778.108)
Build info: version: &#039;4.26.0&#039;, revision: &#039;8ccf0219d7&#039;
System info: os.name: &#039;Windows 11&#039;, os.arch: &#039;amd64&#039;, os.version: &#039;10.0&#039;, java.version: &#039;20.0.1&#039;
Driver info: org.openqa.selenium.chrome.ChromeDriver
Command: [e00e0fbcc5223fbcd5212141e8657a0c, findElement {using=xpath, value=//*[@id=&quot;username&quot;]}]
Capabilities {acceptInsecureCerts: false, browserName: chrome, browserVersion: 131.0.6778.108, chrome: {chromedriverVersion: 131.0.6778.87 (ce31cae94873..., userDataDir: C:\Users\HP\AppData\Local\T...}, fedcm:accounts: true, goog:chromeOptions: {debuggerAddress: localhost:63556}, networkConnectionEnabled: false, pageLoadStrategy: normal, platformName: windows, proxy: Proxy(), se:cdp: ws://localhost:63556/devtoo..., se:cdpVersion: 131.0.6778.108, setWindowRect: true, strictFileInteractability: false, timeouts: {implicit: 0, pageLoad: 300000, script: 30000}, unhandledPromptBehavior: dismiss and notify, webauthn:extension:credBlob: true, webauthn:extension:largeBlob: true, webauthn:extension:minPinLength: true, webauthn:extension:prf: true, webauthn:virtualAuthenticators: true}
Session ID: e00e0fbcc5223fbcd5212141e8657a0c" type="org.openqa.selenium.NoSuchWindowException">
      <![CDATA[org.openqa.selenium.NoSuchWindowException: no such window: target window already closed
from unknown error: web view not found
  (Session info: chrome=131.0.6778.108)
Build info: version: '4.26.0', revision: '8ccf0219d7'
System info: os.name: 'Windows 11', os.arch: 'amd64', os.version: '10.0', java.version: '20.0.1'
Driver info: org.openqa.selenium.chrome.ChromeDriver
Command: [e00e0fbcc5223fbcd5212141e8657a0c, findElement {using=xpath, value=//*[@id="username"]}]
Capabilities {acceptInsecureCerts: false, browserName: chrome, browserVersion: 131.0.6778.108, chrome: {chromedriverVersion: 131.0.6778.87 (ce31cae94873..., userDataDir: C:\Users\HP\AppData\Local\T...}, fedcm:accounts: true, goog:chromeOptions: {debuggerAddress: localhost:63556}, networkConnectionEnabled: false, pageLoadStrategy: normal, platformName: windows, proxy: Proxy(), se:cdp: ws://localhost:63556/devtoo..., se:cdpVersion: 131.0.6778.108, setWindowRect: true, strictFileInteractability: false, timeouts: {implicit: 0, pageLoad: 300000, script: 30000}, unhandledPromptBehavior: dismiss and notify, webauthn:extension:credBlob: true, webauthn:extension:largeBlob: true, webauthn:extension:minPinLength: true, webauthn:extension:prf: true, webauthn:virtualAuthenticators: true}
Session ID: e00e0fbcc5223fbcd5212141e8657a0c
at java.base/jdk.internal.reflect.DirectConstructorHandleAccessor.newInstance(DirectConstructorHandleAccessor.java:67)
at java.base/java.lang.reflect.Constructor.newInstanceWithCaller(Constructor.java:500)
at java.base/java.lang.reflect.Constructor.newInstance(Constructor.java:484)
at org.openqa.selenium.remote.ErrorCodec.decode(ErrorCodec.java:167)
at org.openqa.selenium.remote.codec.w3c.W3CHttpResponseCodec.decode(W3CHttpResponseCodec.java:138)
at org.openqa.selenium.remote.codec.w3c.W3CHttpResponseCodec.decode(W3CHttpResponseCodec.java:50)
at org.openqa.selenium.remote.HttpCommandExecutor.execute(HttpCommandExecutor.java:190)
at org.openqa.selenium.remote.service.DriverCommandExecutor.invokeExecute(DriverCommandExecutor.java:216)
at org.openqa.selenium.remote.service.DriverCommandExecutor.execute(DriverCommandExecutor.java:174)
at org.openqa.selenium.remote.RemoteWebDriver.execute(RemoteWebDriver.java:545)
at org.openqa.selenium.remote.ElementLocation$ElementFinder$2.findElement(ElementLocation.java:165)
at org.openqa.selenium.remote.ElementLocation.findElement(ElementLocation.java:59)
at org.openqa.selenium.remote.RemoteWebDriver.findElement(RemoteWebDriver.java:368)
at org.openqa.selenium.remote.RemoteWebDriver.findElement(RemoteWebDriver.java:362)
at testLoginPage.ClearText(testLoginPage.java:23)
at java.base/jdk.internal.reflect.DirectMethodHandleAccessor.invoke(DirectMethodHandleAccessor.java:104)
at java.base/java.lang.reflect.Method.invoke(Method.java:578)
at org.testng.internal.MethodInvocationHelper.invokeMethod(MethodInvocationHelper.java:133)
at org.testng.internal.MethodInvocationHelper.invokeMethodConsideringTimeout(MethodInvocationHelper.java:62)
at org.testng.internal.ConfigInvoker.invokeConfigurationMethod(ConfigInvoker.java:385)
at org.testng.internal.ConfigInvoker.invokeConfigurations(ConfigInvoker.java:321)
at org.testng.internal.TestInvoker.runConfigMethods(TestInvoker.java:700)
at org.testng.internal.TestInvoker.invokeMethod(TestInvoker.java:527)
at org.testng.internal.TestInvoker.invokeTestMethod(TestInvoker.java:173)
at org.testng.internal.MethodRunner.runInSequence(MethodRunner.java:46)
at org.testng.internal.TestInvoker$MethodInvocationAgent.invoke(TestInvoker.java:824)
at org.testng.internal.TestInvoker.invokeTestMethods(TestInvoker.java:146)
at org.testng.internal.TestMethodWorker.invokeTestMethods(TestMethodWorker.java:146)
at org.testng.internal.TestMethodWorker.run(TestMethodWorker.java:128)
at java.base/java.util.ArrayList.forEach(ArrayList.java:1511)
at org.testng.TestRunner.privateRun(TestRunner.java:794)
at org.testng.TestRunner.run(TestRunner.java:596)
at org.testng.SuiteRunner.runTest(SuiteRunner.java:377)
at org.testng.SuiteRunner.runSequentially(SuiteRunner.java:371)
at org.testng.SuiteRunner.privateRun(SuiteRunner.java:332)
at org.testng.SuiteRunner.run(SuiteRunner.java:276)
at org.testng.SuiteRunnerWorker.runSuite(SuiteRunnerWorker.java:53)
at org.testng.SuiteRunnerWorker.run(SuiteRunnerWorker.java:96)
at org.testng.TestNG.runSuitesSequentially(TestNG.java:1212)
at org.testng.TestNG.runSuitesLocally(TestNG.java:1134)
at org.testng.TestNG.runSuites(TestNG.java:1063)
at org.testng.TestNG.run(TestNG.java:1031)
at org.testng.remote.AbstractRemoteTestNG.run(AbstractRemoteTestNG.java:115)
at org.testng.remote.RemoteTestNG.initAndRun(RemoteTestNG.java:293)
at org.testng.remote.RemoteTestNG.main(RemoteTestNG.java:91)
]]>
    </error>
  </testcase> <!-- ClearText -->
  <system-out/>
  <testcase classname="testLoginPage" name="testClickonOnlyLogin" time="0.000">
    <skipped/>
  </testcase> <!-- testClickonOnlyLogin -->
  <system-out/>
  <testcase classname="testLoginPage" name="testMainHeading" time="0.000">
    <skipped/>
  </testcase> <!-- testMainHeading -->
  <system-out/>
  <testcase classname="testLoginPage" name="testHeading" time="0.000">
    <skipped/>
  </testcase> <!-- testHeading -->
  <system-out/>
  <testcase classname="testLoginPage" name="testKiranAcademyHeading" time="0.000">
    <skipped/>
  </testcase> <!-- testKiranAcademyHeading -->
  <system-out/>
  <testcase classname="testLoginPage" name="testLoginButton" time="0.000">
    <skipped/>
  </testcase> <!-- testLoginButton -->
  <system-out/>
  <testcase classname="testLoginPage" name="TestValidNameandPass" time="0.000">
    <skipped/>
  </testcase> <!-- TestValidNameandPass -->
  <system-out/>
  <testcase classname="testLoginPage" name="testinvalidNameAndvalidPass" time="0.000">
    <skipped/>
  </testcase> <!-- testinvalidNameAndvalidPass -->
  <system-out/>
  <testcase classname="testLoginPage" name="testvalidNameandinvalidPass" time="0.000">
    <skipped/>
  </testcase> <!-- testvalidNameandinvalidPass -->
  <system-out/>
  <testcase classname="testLoginPage" name="testonlyEnterPass" time="0.000">
    <skipped/>
  </testcase> <!-- testonlyEnterPass -->
  <system-out/>
  <testcase classname="testLoginPage" name="testonlyenterName" time="0.000">
    <skipped/>
  </testcase> <!-- testonlyenterName -->
  <system-out/>
  <testcase classname="testLoginPage" name="testErrorMessage" time="0.000">
    <skipped/>
  </testcase> <!-- testErrorMessage -->
  <system-out/>
  <testcase classname="testLoginPage" name="testLongUserName" time="0.000">
    <skipped/>
  </testcase> <!-- testLongUserName -->
  <system-out/>
  <testcase classname="testLoginPage" name="testLongPassword" time="0.000">
    <skipped/>
  </testcase> <!-- testLongPassword -->
  <system-out/>
  <testcase classname="testLoginPage" name="testPaawordSpealing" time="0.000">
    <skipped/>
  </testcase> <!-- testPaawordSpealing -->
  <system-out/>
  <testcase classname="testLoginPage" name="testUseranemeSpelling" time="0.000">
    <skipped/>
  </testcase> <!-- testUseranemeSpelling -->
  <system-out/>
</testsuite> <!-- testLoginPage -->
